<?xml version="1.0" encoding="UTF-8"?>
<!-- Generated by org.testng.reporters.JUnitReportReporter -->
<testsuite hostname="DESKTOP-HHS48FN" failures="0" tests="1" name="com.bd.practice1.hover" time="97.024" errors="0" timestamp="2022-09-15T01:19:04 BDT" skipped="0">
  <testcase classname="com.bd.practice1.hover" name="openUrl" time="97.024"/>
  <system-out/>
</testsuite> <!-- com.bd.practice1.hover -->
