<?xml version="1.0" encoding="UTF-8"?>
<!-- Generated by org.testng.reporters.JUnitReportReporter -->
<testsuite hostname="DESKTOP-HHS48FN" failures="0" tests="1" name="com.bd.practice1.check_box" time="134.958" errors="0" timestamp="2022-08-28T16:37:44 BDT" skipped="0">
  <testcase classname="com.bd.practice1.check_box" name="openUrl" time="134.958"/>
  <system-out/>
</testsuite> <!-- com.bd.practice1.check_box -->
