<?xml version="1.0" encoding="UTF-8"?>
<!-- Generated by org.testng.reporters.JUnitReportReporter -->
<testsuite hostname="DESKTOP-HHS48FN" failures="0" tests="1" name="com.bd.practice1.table" time="10.109" errors="0" timestamp="2022-09-14T20:14:22 BDT" skipped="0">
  <testcase classname="com.bd.practice1.table" name="openUrl" time="10.109"/>
  <system-out/>
</testsuite> <!-- com.bd.practice1.table -->
