<?xml version="1.0" encoding="UTF-8"?>
<!-- Generated by org.testng.reporters.JUnitReportReporter -->
<testsuite hostname="DESKTOP-HHS48FN" failures="0" tests="2" name="com.bd.practice1.Arrong" time="41.445" errors="0" timestamp="2022-08-28T14:07:48 BDT" skipped="0">
  <testcase classname="com.bd.practice1.Arrong" name="openUrl" time="5.625"/>
  <system-out/>
  <testcase classname="com.bd.practice1.Arrong" name="test1" time="35.820"/>
  <system-out/>
</testsuite> <!-- com.bd.practice1.Arrong -->
