<?xml version="1.0" encoding="UTF-8"?>
<!-- Generated by org.testng.reporters.JUnitReportReporter -->
<testsuite hostname="DESKTOP-HHS48FN" failures="0" tests="1" name="com.bd.practice1.moveToElement" time="92.615" errors="0" timestamp="2022-09-15T15:04:39 BDT" skipped="0">
  <testcase classname="com.bd.practice1.moveToElement" name="openUrl" time="92.615"/>
  <system-out/>
</testsuite> <!-- com.bd.practice1.moveToElement -->
