<?xml version="1.0" encoding="UTF-8"?>
<!-- Generated by org.testng.reporters.JUnitReportReporter -->
<testsuite hostname="DESKTOP-NKNCMNI" failures="0" tests="1" name="com.bd.practice1.scrolling" time="12.491" errors="0" timestamp="2022-11-26T13:58:30 BDT" skipped="0">
  <testcase classname="com.bd.practice1.scrolling" name="openUrl" time="12.491"/>
  <system-out/>
</testsuite> <!-- com.bd.practice1.scrolling -->
