<?xml version="1.0" encoding="UTF-8"?>
<!-- Generated by org.testng.reporters.JUnitReportReporter -->
<testsuite hostname="DESKTOP-HHS48FN" failures="0" tests="1" name="com.bd.practice1.Iframe" time="1.303" errors="0" timestamp="2022-09-07T21:30:21 BDT" skipped="0">
  <testcase classname="com.bd.practice1.Iframe" name="openUrl" time="1.303"/>
  <system-out/>
</testsuite> <!-- com.bd.practice1.Iframe -->
