<?xml version="1.0" encoding="UTF-8"?>
<!-- Generated by org.testng.reporters.JUnitReportReporter -->
<testsuite hostname="DESKTOP-NKNCMNI" failures="0" tests="1" name="com.bd.practice1.Alerts" time="30.619" errors="0" timestamp="2022-11-18T00:19:47 BDT" skipped="0">
  <testcase classname="com.bd.practice1.Alerts" name="openUrl" time="30.619"/>
  <system-out/>
</testsuite> <!-- com.bd.practice1.Alerts -->
