<?xml version="1.0" encoding="UTF-8"?>
<!-- Generated by org.testng.reporters.JUnitReportReporter -->
<testsuite hostname="DESKTOP-HHS48FN" failures="0" tests="1" name="com.bd.practice1.visibility_check" time="2.987" errors="0" timestamp="2022-09-15T00:18:12 BDT" skipped="0">
  <testcase classname="com.bd.practice1.visibility_check" name="openUrl" time="2.987"/>
  <system-out/>
</testsuite> <!-- com.bd.practice1.visibility_check -->
