<?xml version="1.0" encoding="UTF-8"?>
<!-- Generated by org.testng.reporters.JUnitReportReporter -->
<testsuite hostname="DESKTOP-HHS48FN" failures="0" tests="1" name="com.bd.practice1.Navigate" time="16.618" errors="0" timestamp="2022-08-29T01:59:21 BDT" skipped="0">
  <testcase classname="com.bd.practice1.Navigate" name="openUrl" time="16.618"/>
  <system-out/>
</testsuite> <!-- com.bd.practice1.Navigate -->
